                  Choosing the right ASCII apps for your chats
           Times are tough and plus we'd like to save the environment.
           Are you making the best ascii choices for your IRC family?
           No worries, chat pal, there's now a simple guide to help!
 _        ,           _        ,           _        ,           _        ,
(_\______/________   (_\______/________   (_\______/________   (_\______/________
   \-|-|/|-|-|-|-|/     \-|-|/|-|-|-|-|/     \-|-|/|-|-|-|-|/     \-|-|/|-|-|-|-|/
    \==/a|s|c|i|i/       \==/a|s|c|i|i/       \==/a|s|c|i|i/       \==/a|s|c|i|i/
     \/|-|-|-|,-'         \/|-|-|-|,-'         \/|-|-|-|,-'         \/|-|-|-|,-'
      \--|-'''             \--|-'''             \--|-'''             \--|-'''
       \_j________          \_j________          \_j________          \_j________
       (_)     (_)          (_)     (_)          (_)     (_)          (_)     (_)
   Traceback (most recent call last):
     File "/home/retard/.local/lib/python3.8/site-pac
       fh = fp.fileno()
   AttributeError: '_idat' object has no attribute 'f
   During handling of the above exception, another ex
                                                         0,01Software: mircarttools   
   Traceback (most recent call last):                    0,01ASCII: bexmark           
     File "./MiRCARTToPngFile.py", line 154, in <modu    0,01Rating: * (worst score)  
       main(*sys.argv)                                   0,01                         
     File "./MiRCARTToPngFile.py", line 144, in main     0,01couldn't get this to work
       MiRCARTToPngFile(canvasStore.outMap, *argv[3:]    0,01don't waste my time      
     File "./MiRCARTToPngFile.py", line 127, in expor
       outImg.save(outFilePath);
     File "/home/retard/.local/lib/python3.8/site-pac
       save_handler(self, fp, filename)
     File "/home/retard/.local/lib/python3.8/site-pac
       ImageFile._save(im, _idat(fp, chunk), [("zip",
     File "/home/retard/.local/lib/python3.8/site-pac
       e.setimage(im.im, b)
   SystemError: tile cannot extend outside image
 _        ,           _        ,           _        ,           _        ,
(_\______/________   (_\______/________   (_\______/________   (_\______/________
   \-|-|/|-|-|-|-|/     \-|-|/|-|-|-|-|/     \-|-|/|-|-|-|-|/     \-|-|/|-|-|-|-|/
    \==/a|s|c|i|i/       \==/a|s|c|i|i/       \==/a|s|c|i|i/       \==/a|s|c|i|i/
     \/|-|-|-|,-'         \/|-|-|-|,-'         \/|-|-|-|,-'         \/|-|-|-|,-'
      \--|-'''             \--|-'''             \--|-'''             \--|-'''
       \_j________          \_j________          \_j________          \_j________
       (_)     (_)          (_)     (_)          (_)     (_)          (_)     (_)
11,11     1,01112,12         1,01112,12    0,00    1,01111,11                                                       
11,11     1,01112,12         1,01112,12     0,00   1,01111,11 1,12:55:24] <bex> i'm ^C11,11                 
11,11     1,01112,12    0,00     1,01112,12        1,01111,11 [06:1,11[06:31,11:09] <bex> i don't know if it's my imagination
11,11     1,01112,12    0,00     1,0110,00  12,12      1,01111,11 1,11or what. i dont know if i m being scientific or what11,11    
11,11     1,01111111111111111111111,11 1,11japedbird.11,11                                            
11,11     1,01112,12      0,00   1,0110,00    12,12    1,01111,11                                      8,08     11,11            
11,11     1,01112,12         1,01112,12        1,01111,11 1,11maybe japedbird should write golang11,11  8,08            11,11       
11,11     1,01112,12         1,01112,12        1,01111,11  1,11not javascript11,11                          8,08              11,11    
11,11     1,0110,00  12,12       1,01112,12        1,01111,11                                  0,00  8,08   0,00    8,08       11,11     
11,11     1,0110,00    12,12     1,01112,12        1,01111,11                                 0,00  4,00.0,00 2,02 0,00         8,08  11,11      
11,11     1,01111111111111111111111,11             1,11chzz = otcjuul11,11        0,00 4,00.0,00         2,02 0,00   8,08   11,11     
11,11                                                             0,00 4,00,0,00  5,05     0,00 4,00.0,00  4,00.0,00 8,08   11,11     
11,11  1,11pls get bex11,11               0,00 11,11                     8,08  0,00        4,00.0,00 8,08  0,00 8,08   11,11     
11,11      0,01Software: asciibird         0,00  11,11                  8,08    0,00     8,08         11,11      
11,11      0,01ASCII: bexmark              0,00   11,11                8,08     0,00    8,08          11,11  0,00  11,11  
11,11      0,01Rating: ** (two stars; junk)0,00    11,11              8,08     0,00      8,08        11,11  0,00    11,11 
11,11  1,11my god you are      11,11             0,00    11,11              8,08  7,07        8,08       11,11 0,003    11,11  
11,11                                 0,00  33333311,11         7,07           8,08     7,07 0,00333  11,11   
11,11                                       0,0033333337,07                     8,08 7,07     0,003311,11     
11,11                     1,11i dont need this11,11 0,00333337,07                           0,003311,11      
11,11          1,01     11,11    1,11kind of ascii11,11        0,0037,07                         11,11         
11,11           1,01    0,00   1,01 11,11                      7,07     1,07asciibird7,07                11,11          
11,11      1,01      0,00      1,01 11,11                      7,07                            11,11         
2,02     1,01    1,00         0,00  1,01  2,02                    7,07                               2,02       
2,02     1,01 0,00 1,00#jrh0,00 1,00- - - -0,00  1,01  2,02                  7,07  1,07(no export in7,07                    2,02      
2,02     1,01  1,00<japedbird> pls like1,01   2,027,7     1,07this repo) 7,07                   2,02     
2,02      1,01 1,00me omg ur all1,01  14,14 1,01    2,02           7,072,2     
2,02      1,01 1,00so mean  1,01    15,14T14,14 15,14Y14,14 15,14-14,14 1,01     2,02        7,07                      1,07(busted code7,07   2,02     
2,02       1,01 1,00ewww0,00  1,01   14,14 15,14R14,14   15,14k14,14 15,14l14,14  1,01     2,02           7,07                    1,07here)7,07      2,02      
2,02       1,01 0,00   1,01    14,14 15,14E14,14 15,14h14,14 15,14jn14,14 15,14m1,01       2,02 0,00 2,02             3,03      7,07   3,03  7,07               2,02        
2,021,1    14,14  15,14W14,14  15,14gv14,14 15,14b14,14 1,01      2,02   0,00    2,02    3,03              7,07 3,03     7,07            2,02         
2,02         1,01     15,14zBx14,14  1,01     2,02        0,00       3,03        2,02        3,03       2,02                  
2,02           1,01           2,02             0,00   3,03  2,02                3,03        2,02                
2,02 7,07     2,02        1,01      2,02                                      3,03       2,02               
2,02  0,00 14,00R0,00 2,02                                                       3,03    0,00            2,02    
2,02  0,00 14,000X0,00 2,02                   1,02pushing 4,022,2                           3,03  0,00              2,02   
2,02  0,00   2,02                                                           0,00            2,02    
 _        ,           _        ,           _        ,           _        ,
(_\______/________   (_\______/________   (_\______/________   (_\______/________
   \-|-|/|-|-|-|-|/     \-|-|/|-|-|-|-|/     \-|-|/|-|-|-|-|/     \-|-|/|-|-|-|-|/
    \==/a|s|c|i|i/       \==/a|s|c|i|i/       \==/a|s|c|i|i/       \==/a|s|c|i|i/
     \/|-|-|-|,-'         \/|-|-|-|,-'         \/|-|-|-|,-'         \/|-|-|-|,-'
      \--|-'''             \--|-'''             \--|-'''             \--|-'''
       \_j________          \_j________          \_j________          \_j________
       (_)     (_)          (_)     (_)          (_)     (_)          (_)     (_)
11,11   12,12       0,00  1,01111,11                              12,12       0,00  1,01111,11                           
11,11   12,12        0,00 1,0111,11[25:4 bx '  cioadft11,11           12,12        0,00 1,0111,11[25:4 bx '  cioadft11,11        
11,11   12,12  0,00   12,12    1,0111,11[63:9 bx  o' nwi tsm mgnto11,11    12,12  0,00   12,12    1,0111,11[63:9 bx  o' nwi tsm mgnto11,11 
11,11   12,12  0,00    12,12   1,0111,11o ht  otko fimbigprni rwa11,11     12,12  0,00    12,12   1,0111,11o ht  otko fimbigprni rwa11,11  
11,11   1,0111111111111,11jpdid11,11                         1,0111111111111,11jpdid11,11                      
11,11   12,12   0,00    12,12  1,01111,11                   8,08  11,11         12,12   0,00    12,12  1,01111,11                   8,08  11,11      
11,11   12,12         1,0111,11myejpdidsolthv ad11,11 8,08      11,11      12,12         1,0111,11myejpdidsolthv ad11,11 8,08      11,11   
11,11   12,12         1,01111,11 1,11ynm11,11             8,08       11,11      12,12         1,01111,11 1,11ynm11,11             8,08       11,11   
11,11   0,00 12,12        1,01111,11                 0,00 8,08 0,00  8,08    11,11     0,00 12,12        1,01111,11                 0,00 8,08 0,00  8,08    11,11  
11,11   0,00  12,12       1,01111,11                0,00 4,00.2,02 0,00    8,08 11,11      0,00  12,12       1,01111,11                0,00 4,00.2,02 0,00    8,08 11,11   
11,11 0,01Software: corn         1,11s11,11    4,00.0,00    2,02 0,00 8,08  11,11     1,01111111111111,11      1,11bx=sas11,11    4,00.0,00    2,02 0,00 8,08  11,11  
11,11 0,01ASCII: bexmark         11,11     0,00 4,00.0,00     8,08  11,11                               0,00 4,00.0,00     8,08  11,11  
11,11 0,01Rating: ****** perfect+11,11     4,00,0,00 5,05  0,00  4,00.8,08  11,11                               4,00,0,00 5,05  0,00  4,00.8,08  11,11  
11,11 0,01                       11,11     8,08 0,00     8,08   11,11   1,11psgthl e11,11                    8,08 0,00     8,08   11,11  
11,11 0,01slimming; beautiful    11,11    8,08  0,00   8,08    11,11                    0,00  11,11         8,08  0,00   8,08    11,11   
11,11                  0,00  11,11        8,08  0,00  8,08     11,11 0,00 11,11                   0,00  11,11        8,08  0,00  8,08     11,11 0,00 11,11 
11,11                  0,00  11,11       8,08   0,00   8,08    11,11 0,00  11,11                  0,00  11,11       8,08   0,00   8,08    11,11 0,00  
11,11 1,11m o o r rs11,11        0,00  11,11       8,08 7,07    8,08   11,11 0,00  11,11  1,11m o o r rs11,11        0,00  11,11       8,08 7,07    8,08   11,11 0,00  11,11 
11,11                   0,00 33311,11     7,07     8,08   0,0033 11,11                    0,00 33311,11     7,07     8,08   0,0033 11,11 
11,11                    0,003337,07              0,00311,11                      0,003337,07              0,00311,11  
11,11            1,11 otne hs0,003337,07             0,00311,11               1,11 otne hs0,003337,07             0,00311,11   
11,11        1,01   11,11  1,11ido ae11,11    7,07             11,11            1,01   11,11  1,11ido ae11,11    7,07             11,11    
11,11       1,01  0,00 1,01 11,11            7,07    1,07BX7,07      11,11            1,01  0,00 1,01 11,11            7,07    1,07BX7,07      11,11     
11,11    1,01   0,00   1,01 11,11           7,07              11,11        1,01   0,00   1,01 11,11           7,07              11,11    
2,02   1,01  1,00    0,00 1,01 2,02          7,07                2,02      1,01  1,00    0,00 1,01 2,02          7,07                2,02   
2,02   0,00 1,00lh----0,00 1,01 2,02         7,07 1,07n gsi7,07          2,02      0,00 1,00lh----0,00 1,01 2,02         7,07 1,07n gsi7,07          2,02   
2,02   1,01 1,00bx l ie1,01 2,02        7,07  1,07ti vr)7,07          2,02     1,01 1,00bx l ie1,01 2,02        7,07  1,07ti vr)7,07          2,02  
2,02   1,01 1,00eogu l1,01 14,14 1,01  2,02     7,07                   2,02     1,01 1,00eogu l1,01 14,14 1,01  2,02     7,07                   2,02  
2,02   1,01 1,00oma 1,01  15,14TY-1,01   2,02    7,07           1,07dideg7,07  2,02     1,01 1,00oma 1,01  15,14TY-1,01   2,02    7,07           1,07dideg7,07  2,02  
2,02    1,00ew0,00 1,01  15,14R14,14 15,14kl14,14 1,01  2,02      7,07          1,07ee7,07   2,02       1,00ew0,00 1,01  15,14R14,14 15,14kl14,14 1,01  2,02      7,07          1,07ee7,07   2,02   
2,02    0,00  1,01  15,14Ehj14,14 1,01    0,00 2,02      3,03   7,07  3,03 7,07       2,02        0,00  1,01  15,14Ehj14,14 1,01    0,00 2,02      3,03   7,07  3,03 7,07       2,02    
2,02    1,01  14,14 15,14W14,14 15,14vb1,01   2,02  0,00  2,02  3,03          7,07      2,02        1,01  14,14 15,14W14,14 15,14vb1,01   2,02  0,00  2,02  3,03          7,07      2,02    
2,02    1,01  15,14Q14,14A  1,01   2,02   0,00   3,03       2,02 3,03    7,07    2,02         1,01  15,14Q14,14A  1,01   2,02   0,00   3,03       2,02 3,03    7,07    2,02     
2,02     1,01  15,14zx14,14 1,01  2,02    0,00    3,03    2,02    3,03   2,02              1,01  15,14zx14,14 1,01  2,02    0,00    3,03    2,02    3,03   2,02         
2,02      1,01     2,02       0,00 3,03 2,02        3,03    2,02              1,01     2,02       0,00 3,03 2,02        3,03    2,02        
2,02 7,07  2,02    1,01   2,02                   3,03    2,02        7,07  2,02    1,01   2,02          3,01Executive summary  2,02 
2,02 0,00  2,02                           3,03  0,00      2,02   0,00  2,02                 3,01Best: corn         2,02 
2,02 0,00  2,02         1,02psig42,02              3,03 0,00       2,02  0,00  2,02         1,02psig42,02   3,01Trash: asciibird   2,02 
2,02 0,00  2,02                             0,00      2,02   0,00  2,02                 3,01Worst: mircarttools2,02 
2,02                                                                                
                               Know the Difference
                                Know the Science
                              http://ascii.science/